<?xml version="1.0" encoding="UTF-8"?>
<Site BuildName="(empty)"
	BuildStamp="20161103-0836-Experimental"
	Name="(empty)"
	Generator="ctest-3.7.0-rc2"
	CompilerName=""
	CompilerVersion=""
	OSName="Mac OS X"
	Hostname="Casa-iMac-5.local"
	OSRelease="10.11.6"
	OSVersion="15G1108"
	OSPlatform="x86_64"
	Is64Bits="1"
	VendorString="GenuineIntel"
	VendorID="Intel Corporation"
	FamilyID="6"
	ModelID="23"
	ProcessorCacheSize="32768"
	NumberOfLogicalCPU="2"
	NumberOfPhysicalCPU="2"
	TotalVirtualMemory="0"
	TotalPhysicalMemory="12288"
	LogicalProcessorsPerPhysical="2"
	ProcessorClockFrequency="3060"
	>
	<Testing>
		<StartDateTime>Nov 03 02:36 CST</StartDateTime>
		<StartTestTime>1478162174</StartTestTime>
		<TestList/>
		<EndDateTime>Nov 03 02:36 CST</EndDateTime>
		<EndTestTime>1478162174</EndTestTime>
		<ElapsedMinutes>0</ElapsedMinutes>
	</Testing>
</Site>
